[2025-09-10 16:39:29][14372][info] Starting QPS test with: Concurrent Clients=5, Duration=3s, Sleep Time=50ms, Target=127.0.0.1:12345
[2025-09-10 16:39:29][14372][info] ----------------------------------------
[2025-09-10 16:39:32][14372][info] --- Test Finished ---
[2025-09-10 16:39:32][14372][info] Actual duration: 3.06 seconds
[2025-09-10 16:39:32][14372][info] Total successful requests: 259
[2025-09-10 16:39:32][14372][info]   - Content matched: 259
[2025-09-10 16:39:32][14372][info] Total failed requests: 0
[2025-09-10 16:39:32][14372][info] Average QPS: 84.61 req/s
[2025-09-10 16:39:32][14372][info] Average Latency: 0.64 ms
[2025-09-10 16:39:32][14372][info]   - Min Latency: 0.34 ms
[2025-09-10 16:39:32][14372][info]   - Max Latency: 1.29 ms
[2025-09-10 16:39:32][14372][info]   - P99 Latency: 0.94 ms
[2025-09-10 16:39:32][14372][info] Packet Accuracy: 100.00 %
[2025-09-10 16:39:32][14372][info] ----------------------------------------
[2025-09-10 16:42:18][18516][info] Starting QPS test with: Concurrent Clients=5000, Duration=10s, Sleep Time=50ms, Target=127.0.0.1:12345
[2025-09-10 16:42:18][18516][info] ----------------------------------------
[2025-09-10 16:42:31][18516][info] --- Test Finished ---
[2025-09-10 16:42:31][18516][info] Actual duration: 12.52 seconds
[2025-09-10 16:42:31][18516][info] Total successful requests: 176411
[2025-09-10 16:42:31][18516][info]   - Content matched: 176411
[2025-09-10 16:42:31][18516][info] Total failed requests: 0
[2025-09-10 16:42:31][18516][info] Average QPS: 14089.07 req/s
[2025-09-10 16:42:31][18516][info] Average Latency: 0.97 ms
[2025-09-10 16:42:31][18516][info]   - Min Latency: 0.15 ms
[2025-09-10 16:42:31][18516][info]   - Max Latency: 66.29 ms
[2025-09-10 16:42:31][18516][info]   - P99 Latency: 10.63 ms
[2025-09-10 16:42:31][18516][info] Packet Accuracy: 100.00 %
[2025-09-10 16:42:31][18516][info] ----------------------------------------
[2025-09-10 17:14:26][29608][info] Starting QPS test with: Concurrent Clients=5000, Duration=10s, Sleep Time=50ms, Target=127.0.0.1:12345
[2025-09-10 17:14:26][29608][info] ----------------------------------------
[2025-09-10 17:14:36][36544][error] Connection failed: connect: 無法連線，因為目標電腦拒絕連線。
[2025-09-10 17:14:36][36352][error] Connection failed: connect: 無法連線，因為目標電腦拒絕連線。
[2025-09-10 17:14:36][18564][error] Connection failed: connect: 無法連線，因為目標電腦拒絕連線。
[2025-09-10 17:14:36][37468][error] Connection failed: connect: 無法連線，因為目標電腦拒絕連線。
[2025-09-10 17:14:36][41464][error] Connection failed: connect: 無法連線，因為目標電腦拒絕連線。
[2025-09-10 17:14:36][41644][error] Connection failed: connect: 無法連線，因為目標電腦拒絕連線。
[2025-09-10 17:14:36][18456][error] Connection failed: connect: 無法連線，因為目標電腦拒絕連線。
[2025-09-10 17:14:36][34284][error] Connection failed: connect: 無法連線，因為目標電腦拒絕連線。
[2025-09-10 17:14:36][32140][error] Connection failed: connect: 無法連線，因為目標電腦拒絕連線。
[2025-09-10 17:14:36][17532][error] Connection failed: connect: 無法連線，因為目標電腦拒絕連線。
[2025-09-10 17:14:36][39284][error] Connection failed: connect: 無法連線，因為目標電腦拒絕連線。
[2025-09-10 17:14:36][17356][error] Connection failed: connect: 無法連線，因為目標電腦拒絕連線。
[2025-09-10 17:14:36][15164][error] Connection failed: connect: 無法連線，因為目標電腦拒絕連線。
[2025-09-10 17:14:36][32788][error] Connection failed: connect: 無法連線，因為目標電腦拒絕連線。
[2025-09-10 17:14:36][22428][error] Connection failed: connect: 無法連線，因為目標電腦拒絕連線。
[2025-09-10 17:14:36][40936][error] Connection failed: connect: 無法連線，因為目標電腦拒絕連線。
[2025-09-10 17:14:36][39800][error] Connection failed: connect: 無法連線，因為目標電腦拒絕連線。
[2025-09-10 17:14:36][25908][error] Connection failed: connect: 無法連線，因為目標電腦拒絕連線。
[2025-09-10 17:14:36][39908][error] Connection failed: connect: 無法連線，因為目標電腦拒絕連線。
[2025-09-10 17:14:36][22496][error] Connection failed: connect: 無法連線，因為目標電腦拒絕連線。
[2025-09-10 17:14:36][22048][error] Connection failed: connect: 無法連線，因為目標電腦拒絕連線。
[2025-09-10 17:14:36][39296][error] Connection failed: connect: 無法連線，因為目標電腦拒絕連線。
[2025-09-10 17:14:36][40584][error] Connection failed: connect: 無法連線，因為目標電腦拒絕連線。
[2025-09-10 17:14:36][20972][error] Connection failed: connect: 無法連線，因為目標電腦拒絕連線。
[2025-09-10 17:14:36][21896][error] Connection failed: connect: 無法連線，因為目標電腦拒絕連線。
[2025-09-10 17:14:36][39104][error] Connection failed: connect: 無法連線，因為目標電腦拒絕連線。
[2025-09-10 17:14:36][41452][error] Connection failed: connect: 無法連線，因為目標電腦拒絕連線。
[2025-09-10 17:14:36][21780][error] Connection failed: connect: 無法連線，因為目標電腦拒絕連線。
[2025-09-10 17:14:36][39528][error] Connection failed: connect: 無法連線，因為目標電腦拒絕連線。
[2025-09-10 17:14:36][18884][error] Connection failed: connect: 無法連線，因為目標電腦拒絕連線。
[2025-09-10 17:14:36][41636][error] Connection failed: connect: 無法連線，因為目標電腦拒絕連線。
[2025-09-10 17:14:36][14828][error] Connection failed: connect: 無法連線，因為目標電腦拒絕連線。
[2025-09-10 17:14:36][16952][error] Connection failed: connect: 無法連線，因為目標電腦拒絕連線。
[2025-09-10 17:14:36][37788][error] Connection failed: connect: 無法連線，因為目標電腦拒絕連線。
[2025-09-10 17:14:36][38260][error] Connection failed: connect: 無法連線，因為目標電腦拒絕連線。
[2025-09-10 17:14:36][20752][error] Connection failed: connect: 無法連線，因為目標電腦拒絕連線。
[2025-09-10 17:14:36][40300][error] Connection failed: connect: 無法連線，因為目標電腦拒絕連線。
[2025-09-10 17:14:36][39660][error] Connection failed: connect: 無法連線，因為目標電腦拒絕連線。
[2025-09-10 17:14:36][29748][error] Connection failed: connect: 無法連線，因為目標電腦拒絕連線。
[2025-09-10 17:14:36][20180][error] Connection failed: connect: 無法連線，因為目標電腦拒絕連線。
[2025-09-10 17:14:36][40012][error] Connection failed: connect: 無法連線，因為目標電腦拒絕連線。
[2025-09-10 17:14:36][41816][error] Connection failed: connect: 無法連線，因為目標電腦拒絕連線。
[2025-09-10 17:14:36][22556][error] Connection failed: connect: 無法連線，因為目標電腦拒絕連線。
[2025-09-10 17:14:36][20976][error] Connection failed: connect: 無法連線，因為目標電腦拒絕連線。
[2025-09-10 17:14:36][21572][error] Connection failed: connect: 無法連線，因為目標電腦拒絕連線。
[2025-09-10 17:14:36][17732][error] Connection failed: connect: 無法連線，因為目標電腦拒絕連線。
[2025-09-10 17:14:36][40176][error] Connection failed: connect: 無法連線，因為目標電腦拒絕連線。
[2025-09-10 17:14:36][40248][error] Connection failed: connect: 無法連線，因為目標電腦拒絕連線。
[2025-09-10 17:14:36][39484][error] Connection failed: connect: 無法連線，因為目標電腦拒絕連線。
[2025-09-10 17:14:36][41544][error] Connection failed: connect: 無法連線，因為目標電腦拒絕連線。
[2025-09-10 17:14:36][15420][error] Connection failed: connect: 無法連線，因為目標電腦拒絕連線。
[2025-09-10 17:14:36][18060][error] Connection failed: connect: 無法連線，因為目標電腦拒絕連線。
[2025-09-10 17:14:36][19156][error] Connection failed: connect: 無法連線，因為目標電腦拒絕連線。
[2025-09-10 17:14:36][40016][error] Connection failed: connect: 無法連線，因為目標電腦拒絕連線。
[2025-09-10 17:14:36][3904][error] Connection failed: connect: 無法連線，因為目標電腦拒絕連線。
[2025-09-10 17:14:36][28584][error] Connection failed: connect: 無法連線，因為目標電腦拒絕連線。
[2025-09-10 17:14:36][38916][error] Connection failed: connect: 無法連線，因為目標電腦拒絕連線。
[2025-09-10 17:14:36][8900][error] Connection failed: connect: 無法連線，因為目標電腦拒絕連線。
[2025-09-10 17:14:36][34408][error] Connection failed: connect: 無法連線，因為目標電腦拒絕連線。
[2025-09-10 17:14:36][23368][error] Connection failed: connect: 無法連線，因為目標電腦拒絕連線。
[2025-09-10 17:14:36][39808][error] Connection failed: connect: 無法連線，因為目標電腦拒絕連線。
[2025-09-10 17:14:36][39572][error] Connection failed: connect: 無法連線，因為目標電腦拒絕連線。
[2025-09-10 17:14:36][22876][error] Connection failed: connect: 無法連線，因為目標電腦拒絕連線。
[2025-09-10 17:14:36][23324][error] Connection failed: connect: 無法連線，因為目標電腦拒絕連線。
[2025-09-10 17:14:36][40932][error] Connection failed: connect: 無法連線，因為目標電腦拒絕連線。
[2025-09-10 17:14:36][4648][error] Connection failed: connect: 無法連線，因為目標電腦拒絕連線。
[2025-09-10 17:14:36][40480][error] Connection failed: connect: 無法連線，因為目標電腦拒絕連線。
[2025-09-10 17:14:36][37748][error] Connection failed: connect: 無法連線，因為目標電腦拒絕連線。
[2025-09-10 17:14:36][35852][error] Connection failed: connect: 無法連線，因為目標電腦拒絕連線。
[2025-09-10 17:14:36][22812][error] Connection failed: connect: 無法連線，因為目標電腦拒絕連線。
[2025-09-10 17:14:36][38960][error] Connection failed: connect: 無法連線，因為目標電腦拒絕連線。
[2025-09-10 17:14:36][41484][error] Connection failed: connect: 無法連線，因為目標電腦拒絕連線。
[2025-09-10 17:14:36][40460][error] Connection failed: connect: 無法連線，因為目標電腦拒絕連線。
[2025-09-10 17:14:36][18800][error] Connection failed: connect: 無法連線，因為目標電腦拒絕連線。
[2025-09-10 17:14:36][41500][error] Connection failed: connect: 無法連線，因為目標電腦拒絕連線。
[2025-09-10 17:14:36][22952][error] Connection failed: connect: 無法連線，因為目標電腦拒絕連線。
[2025-09-10 17:14:36][41492][error] Connection failed: connect: 無法連線，因為目標電腦拒絕連線。
[2025-09-10 17:14:36][17280][error] Connection failed: connect: 無法連線，因為目標電腦拒絕連線。
[2025-09-10 17:14:36][39584][error] Connection failed: connect: 無法連線，因為目標電腦拒絕連線。
[2025-09-10 17:14:36][41760][error] Connection failed: connect: 無法連線，因為目標電腦拒絕連線。
[2025-09-10 17:14:36][41504][error] Connection failed: connect: 無法連線，因為目標電腦拒絕連線。
[2025-09-10 17:14:36][39112][error] Connection failed: connect: 無法連線，因為目標電腦拒絕連線。
[2025-09-10 17:14:36][41088][error] Connection failed: connect: 無法連線，因為目標電腦拒絕連線。
[2025-09-10 17:14:36][41456][error] Connection failed: connect: 無法連線，因為目標電腦拒絕連線。
[2025-09-10 17:14:36][41120][error] Connection failed: connect: 無法連線，因為目標電腦拒絕連線。
[2025-09-10 17:14:36][7564][error] Connection failed: connect: 無法連線，因為目標電腦拒絕連線。
[2025-09-10 17:14:36][41496][error] Connection failed: connect: 無法連線，因為目標電腦拒絕連線。
[2025-09-10 17:14:36][11252][error] Connection failed: connect: 無法連線，因為目標電腦拒絕連線。
[2025-09-10 17:14:36][41064][error] Connection failed: connect: 無法連線，因為目標電腦拒絕連線。
[2025-09-10 17:14:36][32304][error] Connection failed: connect: 無法連線，因為目標電腦拒絕連線。
[2025-09-10 17:14:36][38452][error] Connection failed: connect: 無法連線，因為目標電腦拒絕連線。
[2025-09-10 17:14:36][41476][error] Connection failed: connect: 無法連線，因為目標電腦拒絕連線。
[2025-09-10 17:14:36][22864][error] Connection failed: connect: 無法連線，因為目標電腦拒絕連線。
[2025-09-10 17:14:36][22484][error] Connection failed: connect: 無法連線，因為目標電腦拒絕連線。
[2025-09-10 17:14:36][17812][error] Connection failed: connect: 無法連線，因為目標電腦拒絕連線。
[2025-09-10 17:14:36][11752][error] Connection failed: connect: 無法連線，因為目標電腦拒絕連線。
[2025-09-10 17:14:36][33880][error] Connection failed: connect: 無法連線，因為目標電腦拒絕連線。
[2025-09-10 17:14:36][36212][error] Connection failed: connect: 無法連線，因為目標電腦拒絕連線。
[2025-09-10 17:14:36][8268][error] Connection failed: connect: 無法連線，因為目標電腦拒絕連線。
[2025-09-10 17:14:36][18556][error] Connection failed: connect: 無法連線，因為目標電腦拒絕連線。
[2025-09-10 17:14:36][8732][error] Connection failed: connect: 無法連線，因為目標電腦拒絕連線。
[2025-09-10 17:14:36][35888][error] Connection failed: connect: 無法連線，因為目標電腦拒絕連線。
[2025-09-10 17:14:36][21340][error] Connection failed: connect: 無法連線，因為目標電腦拒絕連線。
[2025-09-10 17:14:36][27908][error] Connection failed: connect: 無法連線，因為目標電腦拒絕連線。
[2025-09-10 17:14:36][41188][error] Connection failed: connect: 無法連線，因為目標電腦拒絕連線。
[2025-09-10 17:14:36][40376][error] Connection failed: connect: 無法連線，因為目標電腦拒絕連線。
[2025-09-10 17:14:36][41060][error] Connection failed: connect: 無法連線，因為目標電腦拒絕連線。
[2025-09-10 17:14:36][41652][error] Connection failed: connect: 無法連線，因為目標電腦拒絕連線。
[2025-09-10 17:14:36][22320][error] Connection failed: connect: 無法連線，因為目標電腦拒絕連線。
[2025-09-10 17:14:36][22668][error] Connection failed: connect: 無法連線，因為目標電腦拒絕連線。
[2025-09-10 17:14:36][17124][error] Connection failed: connect: 無法連線，因為目標電腦拒絕連線。
[2025-09-10 17:14:36][15980][error] Connection failed: connect: 無法連線，因為目標電腦拒絕連線。
[2025-09-10 17:14:36][23016][error] Connection failed: connect: 無法連線，因為目標電腦拒絕連線。
[2025-09-10 17:14:36][22352][error] Connection failed: connect: 無法連線，因為目標電腦拒絕連線。
[2025-09-10 17:14:36][32248][error] Connection failed: connect: 無法連線，因為目標電腦拒絕連線。
[2025-09-10 17:14:36][41164][error] Connection failed: connect: 無法連線，因為目標電腦拒絕連線。
[2025-09-10 17:14:36][21192][error] Connection failed: connect: 無法連線，因為目標電腦拒絕連線。
[2025-09-10 17:14:36][2748][error] Connection failed: connect: 無法連線，因為目標電腦拒絕連線。
[2025-09-10 17:14:36][23616][error] Connection failed: connect: 無法連線，因為目標電腦拒絕連線。
[2025-09-10 17:14:36][23664][error] Connection failed: connect: 無法連線，因為目標電腦拒絕連線。
[2025-09-10 17:14:36][23572][error] Connection failed: connect: 無法連線，因為目標電腦拒絕連線。
[2025-09-10 17:14:36][12696][error] Connection failed: connect: 無法連線，因為目標電腦拒絕連線。
[2025-09-10 17:14:36][6328][error] Connection failed: connect: 無法連線，因為目標電腦拒絕連線。
[2025-09-10 17:14:36][23568][error] Connection failed: connect: 無法連線，因為目標電腦拒絕連線。
[2025-09-10 17:14:37][40116][error] Connection failed: connect: 無法連線，因為目標電腦拒絕連線。
[2025-09-10 17:14:37][38312][error] Connection failed: connect: 無法連線，因為目標電腦拒絕連線。
[2025-09-10 17:14:37][23840][error] Connection failed: connect: 無法連線，因為目標電腦拒絕連線。
[2025-09-10 17:14:37][34828][error] Connection failed: connect: 無法連線，因為目標電腦拒絕連線。
[2025-09-10 17:14:37][34916][error] Connection failed: connect: 無法連線，因為目標電腦拒絕連線。
[2025-09-10 17:14:37][41940][error] Connection failed: connect: 無法連線，因為目標電腦拒絕連線。
[2025-09-10 17:14:37][24004][error] Connection failed: connect: 無法連線，因為目標電腦拒絕連線。
[2025-09-10 17:14:37][38640][error] Connection failed: connect: 無法連線，因為目標電腦拒絕連線。
[2025-09-10 17:14:37][24016][error] Connection failed: connect: 無法連線，因為目標電腦拒絕連線。
[2025-09-10 17:14:37][24000][error] Connection failed: connect: 無法連線，因為目標電腦拒絕連線。
[2025-09-10 17:14:37][23684][error] Connection failed: connect: 無法連線，因為目標電腦拒絕連線。
[2025-09-10 17:14:37][36844][error] Connection failed: connect: 無法連線，因為目標電腦拒絕連線。
[2025-09-10 17:14:37][40596][error] Connection failed: connect: 無法連線，因為目標電腦拒絕連線。
[2025-09-10 17:14:37][23640][error] Connection failed: connect: 無法連線，因為目標電腦拒絕連線。
[2025-09-10 17:14:37][21096][error] Connection failed: connect: 無法連線，因為目標電腦拒絕連線。
[2025-09-10 17:14:37][24048][error] Connection failed: connect: 無法連線，因為目標電腦拒絕連線。
[2025-09-10 17:14:37][19476][error] Connection failed: connect: 無法連線，因為目標電腦拒絕連線。
[2025-09-10 17:14:37][22180][error] Connection failed: connect: 無法連線，因為目標電腦拒絕連線。
[2025-09-10 17:14:37][23808][error] Connection failed: connect: 無法連線，因為目標電腦拒絕連線。
[2025-09-10 17:14:37][30396][error] Connection failed: connect: 無法連線，因為目標電腦拒絕連線。
[2025-09-10 17:14:37][41784][error] Connection failed: connect: 無法連線，因為目標電腦拒絕連線。
[2025-09-10 17:14:37][21312][error] Connection failed: connect: 無法連線，因為目標電腦拒絕連線。
[2025-09-10 17:14:37][40136][error] Connection failed: connect: 無法連線，因為目標電腦拒絕連線。
[2025-09-10 17:14:37][23504][error] Connection failed: connect: 無法連線，因為目標電腦拒絕連線。
[2025-09-10 17:14:37][41396][error] Connection failed: connect: 無法連線，因為目標電腦拒絕連線。
[2025-09-10 17:14:37][39900][error] Connection failed: connect: 無法連線，因為目標電腦拒絕連線。
[2025-09-10 17:14:37][23976][error] Connection failed: connect: 無法連線，因為目標電腦拒絕連線。
[2025-09-10 17:14:37][40204][error] Connection failed: connect: 無法連線，因為目標電腦拒絕連線。
[2025-09-10 17:14:37][39892][error] Connection failed: connect: 無法連線，因為目標電腦拒絕連線。
[2025-09-10 17:14:37][40064][error] Connection failed: connect: 無法連線，因為目標電腦拒絕連線。
[2025-09-10 17:14:37][23996][error] Connection failed: connect: 無法連線，因為目標電腦拒絕連線。
[2025-09-10 17:14:37][41084][error] Connection failed: connect: 無法連線，因為目標電腦拒絕連線。
[2025-09-10 17:14:37][19680][error] Connection failed: connect: 無法連線，因為目標電腦拒絕連線。
[2025-09-10 17:14:37][38924][error] Connection failed: connect: 無法連線，因為目標電腦拒絕連線。
[2025-09-10 17:14:37][27324][error] Connection failed: connect: 無法連線，因為目標電腦拒絕連線。
[2025-09-10 17:14:37][29516][error] Connection failed: connect: 無法連線，因為目標電腦拒絕連線。
[2025-09-10 17:14:37][16416][error] Connection failed: connect: 無法連線，因為目標電腦拒絕連線。
[2025-09-10 17:14:37][30392][error] Connection failed: connect: 無法連線，因為目標電腦拒絕連線。
[2025-09-10 17:14:37][40124][error] Connection failed: connect: 無法連線，因為目標電腦拒絕連線。
[2025-09-10 17:14:37][34556][error] Connection failed: connect: 無法連線，因為目標電腦拒絕連線。
[2025-09-10 17:14:37][40072][error] Connection failed: connect: 無法連線，因為目標電腦拒絕連線。
[2025-09-10 17:14:37][33312][error] Connection failed: connect: 無法連線，因為目標電腦拒絕連線。
[2025-09-10 17:14:37][31096][error] Connection failed: connect: 無法連線，因為目標電腦拒絕連線。
[2025-09-10 17:14:37][31528][error] Connection failed: connect: 無法連線，因為目標電腦拒絕連線。
[2025-09-10 17:14:37][24124][error] Connection failed: connect: 無法連線，因為目標電腦拒絕連線。
[2025-09-10 17:14:37][32376][error] Connection failed: connect: 無法連線，因為目標電腦拒絕連線。
[2025-09-10 17:14:37][28752][error] Connection failed: connect: 無法連線，因為目標電腦拒絕連線。
[2025-09-10 17:14:37][30072][error] Connection failed: connect: 無法連線，因為目標電腦拒絕連線。
[2025-09-10 17:14:37][31056][error] Connection failed: connect: 無法連線，因為目標電腦拒絕連線。
[2025-09-10 17:14:37][30920][error] Connection failed: connect: 無法連線，因為目標電腦拒絕連線。
[2025-09-10 17:14:37][40112][error] Connection failed: connect: 無法連線，因為目標電腦拒絕連線。
[2025-09-10 17:14:37][30992][error] Connection failed: connect: 無法連線，因為目標電腦拒絕連線。
[2025-09-10 17:14:37][11508][error] Connection failed: connect: 無法連線，因為目標電腦拒絕連線。
[2025-09-10 17:14:37][38772][error] Connection failed: connect: 無法連線，因為目標電腦拒絕連線。
[2025-09-10 17:14:37][22592][error] Connection failed: connect: 無法連線，因為目標電腦拒絕連線。
[2025-09-10 17:14:37][31472][error] Connection failed: connect: 無法連線，因為目標電腦拒絕連線。
[2025-09-10 17:14:37][40600][error] Connection failed: connect: 無法連線，因為目標電腦拒絕連線。
[2025-09-10 17:14:37][30844][error] Connection failed: connect: 無法連線，因為目標電腦拒絕連線。
[2025-09-10 17:14:37][30956][error] Connection failed: connect: 無法連線，因為目標電腦拒絕連線。
[2025-09-10 17:14:37][26480][error] Connection failed: connect: 無法連線，因為目標電腦拒絕連線。
[2025-09-10 17:14:37][22072][error] Connection failed: connect: 無法連線，因為目標電腦拒絕連線。
[2025-09-10 17:14:37][41820][error] Connection failed: connect: 無法連線，因為目標電腦拒絕連線。
[2025-09-10 17:14:37][29072][error] Connection failed: connect: 無法連線，因為目標電腦拒絕連線。
[2025-09-10 17:14:37][24172][error] Connection failed: connect: 無法連線，因為目標電腦拒絕連線。
[2025-09-10 17:14:37][18436][error] Connection failed: connect: 無法連線，因為目標電腦拒絕連線。
[2025-09-10 17:14:37][30648][error] Connection failed: connect: 無法連線，因為目標電腦拒絕連線。
[2025-09-10 17:14:37][23300][error] Connection failed: connect: 無法連線，因為目標電腦拒絕連線。
[2025-09-10 17:14:37][19880][error] Connection failed: connect: 無法連線，因為目標電腦拒絕連線。
[2025-09-10 17:14:37][40528][error] Connection failed: connect: 無法連線，因為目標電腦拒絕連線。
[2025-09-10 17:14:37][29480][error] Connection failed: connect: 無法連線，因為目標電腦拒絕連線。
[2025-09-10 17:14:37][31548][error] Connection failed: connect: 無法連線，因為目標電腦拒絕連線。
[2025-09-10 17:14:37][24188][error] Connection failed: connect: 無法連線，因為目標電腦拒絕連線。
[2025-09-10 17:14:37][31544][error] Connection failed: connect: 無法連線，因為目標電腦拒絕連線。
[2025-09-10 17:14:37][30476][error] Connection failed: connect: 無法連線，因為目標電腦拒絕連線。
[2025-09-10 17:14:37][23964][error] Connection failed: connect: 無法連線，因為目標電腦拒絕連線。
[2025-09-10 17:14:37][36236][error] Connection failed: connect: 無法連線，因為目標電腦拒絕連線。
[2025-09-10 17:14:37][24180][error] Connection failed: connect: 無法連線，因為目標電腦拒絕連線。
[2025-09-10 17:14:37][36256][error] Connection failed: connect: 無法連線，因為目標電腦拒絕連線。
[2025-09-10 17:14:37][30996][error] Connection failed: connect: 無法連線，因為目標電腦拒絕連線。
[2025-09-10 17:14:37][17148][error] Connection failed: connect: 無法連線，因為目標電腦拒絕連線。
[2025-09-10 17:14:37][33192][error] Connection failed: connect: 無法連線，因為目標電腦拒絕連線。
[2025-09-10 17:14:37][8800][error] Connection failed: connect: 無法連線，因為目標電腦拒絕連線。
[2025-09-10 17:14:37][24184][error] Connection failed: connect: 無法連線，因為目標電腦拒絕連線。
[2025-09-10 17:14:37][30356][error] Connection failed: connect: 無法連線，因為目標電腦拒絕連線。
[2025-09-10 17:14:37][29964][error] Connection failed: connect: 無法連線，因為目標電腦拒絕連線。
[2025-09-10 17:14:37][40800][error] Connection failed: connect: 無法連線，因為目標電腦拒絕連線。
[2025-09-10 17:14:37][40748][error] Connection failed: connect: 無法連線，因為目標電腦拒絕連線。
[2025-09-10 17:14:37][31816][error] Connection failed: connect: 無法連線，因為目標電腦拒絕連線。
[2025-09-10 17:14:37][38780][error] Connection failed: connect: 無法連線，因為目標電腦拒絕連線。
[2025-09-10 17:14:37][12940][error] Connection failed: connect: 無法連線，因為目標電腦拒絕連線。
[2025-09-10 17:14:37][24132][error] Connection failed: connect: 無法連線，因為目標電腦拒絕連線。
[2025-09-10 17:14:37][30632][error] Connection failed: connect: 無法連線，因為目標電腦拒絕連線。
[2025-09-10 17:14:37][32728][error] Connection failed: connect: 無法連線，因為目標電腦拒絕連線。
[2025-09-10 17:14:37][23984][error] Connection failed: connect: 無法連線，因為目標電腦拒絕連線。
[2025-09-10 17:14:37][40804][error] Connection failed: connect: 無法連線，因為目標電腦拒絕連線。
[2025-09-10 17:14:37][10288][error] Connection failed: connect: 無法連線，因為目標電腦拒絕連線。
[2025-09-10 17:14:37][31196][error] Connection failed: connect: 無法連線，因為目標電腦拒絕連線。
[2025-09-10 17:14:37][40812][error] Connection failed: connect: 無法連線，因為目標電腦拒絕連線。
[2025-09-10 17:14:37][29096][error] Connection failed: connect: 無法連線，因為目標電腦拒絕連線。
[2025-09-10 17:14:37][1168][error] Connection failed: connect: 無法連線，因為目標電腦拒絕連線。
[2025-09-10 17:14:37][38752][error] Connection failed: connect: 無法連線，因為目標電腦拒絕連線。
[2025-09-10 17:14:37][40656][error] Connection failed: connect: 無法連線，因為目標電腦拒絕連線。
[2025-09-10 17:14:37][36296][error] Connection failed: connect: 無法連線，因為目標電腦拒絕連線。
[2025-09-10 17:14:37][26532][error] Connection failed: connect: 無法連線，因為目標電腦拒絕連線。
[2025-09-10 17:14:37][17164][error] Connection failed: connect: 無法連線，因為目標電腦拒絕連線。
[2025-09-10 17:14:37][18000][error] Connection failed: connect: 無法連線，因為目標電腦拒絕連線。
[2025-09-10 17:14:37][40820][error] Connection failed: connect: 無法連線，因為目標電腦拒絕連線。
[2025-09-10 17:14:37][22400][error] Connection failed: connect: 無法連線，因為目標電腦拒絕連線。
[2025-09-10 17:14:37][19604][error] Connection failed: connect: 無法連線，因為目標電腦拒絕連線。
[2025-09-10 17:14:37][24128][error] Connection failed: connect: 無法連線，因為目標電腦拒絕連線。
[2025-09-10 17:14:37][28152][error] Connection failed: connect: 無法連線，因為目標電腦拒絕連線。
[2025-09-10 17:14:37][29008][error] Connection failed: connect: 無法連線，因為目標電腦拒絕連線。
[2025-09-10 17:14:37][40788][error] Connection failed: connect: 無法連線，因為目標電腦拒絕連線。
[2025-09-10 17:14:37][24176][error] Connection failed: connect: 無法連線，因為目標電腦拒絕連線。
[2025-09-10 17:14:37][40780][error] Connection failed: connect: 無法連線，因為目標電腦拒絕連線。
[2025-09-10 17:14:37][24196][error] Connection failed: connect: 無法連線，因為目標電腦拒絕連線。
[2025-09-10 17:14:37][10936][error] Connection failed: connect: 無法連線，因為目標電腦拒絕連線。
[2025-09-10 17:14:37][26536][error] Connection failed: connect: 無法連線，因為目標電腦拒絕連線。
[2025-09-10 17:14:37][27224][error] Connection failed: connect: 無法連線，因為目標電腦拒絕連線。
[2025-09-10 17:14:37][36252][error] Connection failed: connect: 無法連線，因為目標電腦拒絕連線。
[2025-09-10 17:14:37][32528][error] Connection failed: connect: 無法連線，因為目標電腦拒絕連線。
[2025-09-10 17:14:37][36284][error] Connection failed: connect: 無法連線，因為目標電腦拒絕連線。
[2025-09-10 17:14:37][40500][error] Connection failed: connect: 無法連線，因為目標電腦拒絕連線。
[2025-09-10 17:14:37][33876][error] Connection failed: connect: 無法連線，因為目標電腦拒絕連線。
[2025-09-10 17:14:37][19464][error] Connection failed: connect: 無法連線，因為目標電腦拒絕連線。
[2025-09-10 17:14:37][20100][error] Connection failed: connect: 無法連線，因為目標電腦拒絕連線。
[2025-09-10 17:14:37][34384][error] Connection failed: connect: 無法連線，因為目標電腦拒絕連線。
[2025-09-10 17:14:37][40356][error] Connection failed: connect: 無法連線，因為目標電腦拒絕連線。
[2025-09-10 17:14:37][33836][error] Connection failed: connect: 無法連線，因為目標電腦拒絕連線。
[2025-09-10 17:14:37][20172][error] Connection failed: connect: 無法連線，因為目標電腦拒絕連線。
[2025-09-10 17:14:37][36280][error] Connection failed: connect: 無法連線，因為目標電腦拒絕連線。
[2025-09-10 17:14:37][40792][error] Connection failed: connect: 無法連線，因為目標電腦拒絕連線。
[2025-09-10 17:14:37][10228][error] Connection failed: connect: 無法連線，因為目標電腦拒絕連線。
[2025-09-10 17:14:37][41976][error] Connection failed: connect: 無法連線，因為目標電腦拒絕連線。
[2025-09-10 17:14:37][20508][error] Connection failed: connect: 無法連線，因為目標電腦拒絕連線。
[2025-09-10 17:14:37][1424][error] Connection failed: connect: 無法連線，因為目標電腦拒絕連線。
[2025-09-10 17:14:37][33872][error] Connection failed: connect: 無法連線，因為目標電腦拒絕連線。
[2025-09-10 17:14:37][24316][error] Connection failed: connect: 無法連線，因為目標電腦拒絕連線。
[2025-09-10 17:14:37][15848][error] Connection failed: connect: 無法連線，因為目標電腦拒絕連線。
[2025-09-10 17:14:37][24300][error] Connection failed: connect: 無法連線，因為目標電腦拒絕連線。
[2025-09-10 17:14:37][10664][error] Connection failed: connect: 無法連線，因為目標電腦拒絕連線。
[2025-09-10 17:14:37][23028][error] Connection failed: connect: 無法連線，因為目標電腦拒絕連線。
[2025-09-10 17:14:37][21728][error] Connection failed: connect: 無法連線，因為目標電腦拒絕連線。
[2025-09-10 17:14:37][24340][error] Connection failed: connect: 無法連線，因為目標電腦拒絕連線。
[2025-09-10 17:14:37][24212][error] Connection failed: connect: 無法連線，因為目標電腦拒絕連線。
[2025-09-10 17:14:37][22044][error] Connection failed: connect: 無法連線，因為目標電腦拒絕連線。
[2025-09-10 17:14:37][36716][error] Connection failed: connect: 無法連線，因為目標電腦拒絕連線。
[2025-09-10 17:14:37][32148][error] Connection failed: connect: 無法連線，因為目標電腦拒絕連線。
[2025-09-10 17:14:37][36556][error] Connection failed: connect: 無法連線，因為目標電腦拒絕連線。
[2025-09-10 17:14:37][35692][error] Connection failed: connect: 無法連線，因為目標電腦拒絕連線。
[2025-09-10 17:14:37][21592][error] Connection failed: connect: 無法連線，因為目標電腦拒絕連線。
[2025-09-10 17:14:37][39380][error] Connection failed: connect: 無法連線，因為目標電腦拒絕連線。
[2025-09-10 17:14:37][24324][error] Connection failed: connect: 無法連線，因為目標電腦拒絕連線。
[2025-09-10 17:14:37][36740][error] Connection failed: connect: 無法連線，因為目標電腦拒絕連線。
[2025-09-10 17:14:37][40608][error] Connection failed: connect: 無法連線，因為目標電腦拒絕連線。
[2025-09-10 17:14:37][21164][error] Connection failed: connect: 無法連線，因為目標電腦拒絕連線。
[2025-09-10 17:14:37][17800][error] Connection failed: connect: 無法連線，因為目標電腦拒絕連線。
[2025-09-10 17:14:37][19364][error] Connection failed: connect: 無法連線，因為目標電腦拒絕連線。
[2025-09-10 17:14:37][41012][error] Connection failed: connect: 無法連線，因為目標電腦拒絕連線。
[2025-09-10 17:14:37][24144][error] Connection failed: connect: 無法連線，因為目標電腦拒絕連線。
[2025-09-10 17:14:37][21888][error] Connection failed: connect: 無法連線，因為目標電腦拒絕連線。
[2025-09-10 17:14:37][18844][error] Connection failed: connect: 無法連線，因為目標電腦拒絕連線。
[2025-09-10 17:14:37][38156][error] Connection failed: connect: 無法連線，因為目標電腦拒絕連線。
[2025-09-10 17:14:37][41244][error] Connection failed: connect: 無法連線，因為目標電腦拒絕連線。
[2025-09-10 17:14:37][14800][error] Connection failed: connect: 無法連線，因為目標電腦拒絕連線。
[2025-09-10 17:14:37][2376][error] Connection failed: connect: 無法連線，因為目標電腦拒絕連線。
[2025-09-10 17:14:37][10568][error] Connection failed: connect: 無法連線，因為目標電腦拒絕連線。
[2025-09-10 17:14:37][24156][error] Connection failed: connect: 無法連線，因為目標電腦拒絕連線。
[2025-09-10 17:14:37][25916][error] Connection failed: connect: 無法連線，因為目標電腦拒絕連線。
[2025-09-10 17:14:37][17768][error] Connection failed: connect: 無法連線，因為目標電腦拒絕連線。
[2025-09-10 17:14:37][30388][error] Connection failed: connect: 無法連線，因為目標電腦拒絕連線。
[2025-09-10 17:14:37][41168][error] Connection failed: connect: 無法連線，因為目標電腦拒絕連線。
[2025-09-10 17:14:37][30020][error] Connection failed: connect: 無法連線，因為目標電腦拒絕連線。
[2025-09-10 17:14:37][23196][error] Connection failed: connect: 無法連線，因為目標電腦拒絕連線。
[2025-09-10 17:14:37][21776][error] Connection failed: connect: 無法連線，因為目標電腦拒絕連線。
[2025-09-10 17:14:37][22360][error] Connection failed: connect: 無法連線，因為目標電腦拒絕連線。
[2025-09-10 17:14:37][24168][error] Connection failed: connect: 無法連線，因為目標電腦拒絕連線。
[2025-09-10 17:14:37][11708][error] Connection failed: connect: 無法連線，因為目標電腦拒絕連線。
[2025-09-10 17:14:37][23960][error] Connection failed: connect: 無法連線，因為目標電腦拒絕連線。
[2025-09-10 17:14:37][23184][error] Connection failed: connect: 無法連線，因為目標電腦拒絕連線。
[2025-09-10 17:14:37][24220][error] Connection failed: connect: 無法連線，因為目標電腦拒絕連線。
[2025-09-10 17:14:37][37628][error] Connection failed: connect: 無法連線，因為目標電腦拒絕連線。
[2025-09-10 17:14:37][24996][error] Connection failed: connect: 無法連線，因為目標電腦拒絕連線。
[2025-09-10 17:14:37][22468][error] Connection failed: connect: 無法連線，因為目標電腦拒絕連線。
[2025-09-10 17:14:37][18024][error] Connection failed: connect: 無法連線，因為目標電腦拒絕連線。
[2025-09-10 17:14:37][16644][error] Connection failed: connect: 無法連線，因為目標電腦拒絕連線。
[2025-09-10 17:14:37][22736][error] Connection failed: connect: 無法連線，因為目標電腦拒絕連線。
[2025-09-10 17:14:37][21400][error] Connection failed: connect: 無法連線，因為目標電腦拒絕連線。
[2025-09-10 17:14:37][16280][error] Connection failed: connect: 無法連線，因為目標電腦拒絕連線。
[2025-09-10 17:14:37][16308][error] Connection failed: connect: 無法連線，因為目標電腦拒絕連線。
[2025-09-10 17:14:37][8748][error] Connection failed: connect: 無法連線，因為目標電腦拒絕連線。
[2025-09-10 17:14:37][21560][error] Connection failed: connect: 無法連線，因為目標電腦拒絕連線。
[2025-09-10 17:14:37][15884][error] Connection failed: connect: 無法連線，因為目標電腦拒絕連線。
[2025-09-10 17:14:37][21016][error] Connection failed: connect: 無法連線，因為目標電腦拒絕連線。
[2025-09-10 17:14:37][22740][error] Connection failed: connect: 無法連線，因為目標電腦拒絕連線。
[2025-09-10 17:14:37][18052][error] Connection failed: connect: 無法連線，因為目標電腦拒絕連線。
[2025-09-10 17:14:37][22004][error] Connection failed: connect: 無法連線，因為目標電腦拒絕連線。
[2025-09-10 17:14:37][10608][error] Connection failed: connect: 無法連線，因為目標電腦拒絕連線。
[2025-09-10 17:14:37][23064][error] Connection failed: connect: 無法連線，因為目標電腦拒絕連線。
[2025-09-10 17:14:37][38848][error] Connection failed: connect: 無法連線，因為目標電腦拒絕連線。
[2025-09-10 17:14:37][14804][error] Connection failed: connect: 無法連線，因為目標電腦拒絕連線。
[2025-09-10 17:14:37][20272][error] Connection failed: connect: 無法連線，因為目標電腦拒絕連線。
[2025-09-10 17:14:37][24536][error] Connection failed: connect: 無法連線，因為目標電腦拒絕連線。
[2025-09-10 17:14:37][20096][error] Connection failed: connect: 無法連線，因為目標電腦拒絕連線。
[2025-09-10 17:14:37][25012][error] Connection failed: connect: 無法連線，因為目標電腦拒絕連線。
[2025-09-10 17:14:37][17424][error] Connection failed: connect: 無法連線，因為目標電腦拒絕連線。
[2025-09-10 17:14:37][19116][error] Connection failed: connect: 無法連線，因為目標電腦拒絕連線。
[2025-09-10 17:14:37][1680][error] Connection failed: connect: 無法連線，因為目標電腦拒絕連線。
[2025-09-10 17:14:37][36568][error] Connection failed: connect: 無法連線，因為目標電腦拒絕連線。
[2025-09-10 17:14:37][32928][error] Connection failed: connect: 無法連線，因為目標電腦拒絕連線。
[2025-09-10 17:14:37][6400][error] Connection failed: connect: 無法連線，因為目標電腦拒絕連線。
[2025-09-10 17:14:37][33336][error] Connection failed: connect: 無法連線，因為目標電腦拒絕連線。
[2025-09-10 17:14:37][21860][error] Connection failed: connect: 無法連線，因為目標電腦拒絕連線。
[2025-09-10 17:14:37][24244][error] Connection failed: connect: 無法連線，因為目標電腦拒絕連線。
[2025-09-10 17:14:37][8084][error] Connection failed: connect: 無法連線，因為目標電腦拒絕連線。
[2025-09-10 17:14:37][23212][error] Connection failed: connect: 無法連線，因為目標電腦拒絕連線。
[2025-09-10 17:14:37][36436][error] Connection failed: connect: 無法連線，因為目標電腦拒絕連線。
[2025-09-10 17:14:37][18672][error] Connection failed: connect: 無法連線，因為目標電腦拒絕連線。
[2025-09-10 17:14:37][41212][error] Connection failed: connect: 無法連線，因為目標電腦拒絕連線。
[2025-09-10 17:14:37][16676][error] Connection failed: connect: 無法連線，因為目標電腦拒絕連線。
[2025-09-10 17:14:37][17868][error] Connection failed: connect: 無法連線，因為目標電腦拒絕連線。
[2025-09-10 17:14:37][23044][error] Connection failed: connect: 無法連線，因為目標電腦拒絕連線。
[2025-09-10 17:14:37][30200][error] Connection failed: connect: 無法連線，因為目標電腦拒絕連線。
[2025-09-10 17:14:37][5616][error] Connection failed: connect: 無法連線，因為目標電腦拒絕連線。
[2025-09-10 17:14:37][40968][error] Connection failed: connect: 無法連線，因為目標電腦拒絕連線。
[2025-09-10 17:14:37][41776][error] Connection failed: connect: 無法連線，因為目標電腦拒絕連線。
[2025-09-10 17:14:37][24360][error] Connection failed: connect: 無法連線，因為目標電腦拒絕連線。
[2025-09-10 17:14:37][20196][error] Connection failed: connect: 無法連線，因為目標電腦拒絕連線。
[2025-09-10 17:14:37][37964][error] Connection failed: connect: 無法連線，因為目標電腦拒絕連線。
[2025-09-10 17:14:37][38152][error] Connection failed: connect: 無法連線，因為目標電腦拒絕連線。
[2025-09-10 17:14:37][41716][error] Connection failed: connect: 無法連線，因為目標電腦拒絕連線。
[2025-09-10 17:14:37][37696][error] Connection failed: connect: 無法連線，因為目標電腦拒絕連線。
[2025-09-10 17:14:37][39476][error] Connection failed: connect: 無法連線，因為目標電腦拒絕連線。
[2025-09-10 17:14:37][22680][error] Connection failed: connect: 無法連線，因為目標電腦拒絕連線。
[2025-09-10 17:14:37][19596][error] Connection failed: connect: 無法連線，因為目標電腦拒絕連線。
[2025-09-10 17:14:37][32960][error] Connection failed: connect: 無法連線，因為目標電腦拒絕連線。
[2025-09-10 17:14:37][6344][error] Connection failed: connect: 無法連線，因為目標電腦拒絕連線。
[2025-09-10 17:14:37][19388][error] Connection failed: connect: 無法連線，因為目標電腦拒絕連線。
[2025-09-10 17:14:37][38004][error] Connection failed: connect: 無法連線，因為目標電腦拒絕連線。
[2025-09-10 17:14:37][22796][error] Connection failed: connect: 無法連線，因為目標電腦拒絕連線。
[2025-09-10 17:14:37][19020][error] Connection failed: connect: 無法連線，因為目標電腦拒絕連線。
[2025-09-10 17:14:37][40164][error] Connection failed: connect: 無法連線，因為目標電腦拒絕連線。
[2025-09-10 17:14:37][25028][error] Connection failed: connect: 無法連線，因為目標電腦拒絕連線。
[2025-09-10 17:14:37][16220][error] Connection failed: connect: 無法連線，因為目標電腦拒絕連線。
[2025-09-10 17:14:37][41416][error] Connection failed: connect: 無法連線，因為目標電腦拒絕連線。
[2025-09-10 17:14:37][34420][error] Connection failed: connect: 無法連線，因為目標電腦拒絕連線。
[2025-09-10 17:14:37][24356][error] Connection failed: connect: 無法連線，因為目標電腦拒絕連線。
[2025-09-10 17:14:37][40464][error] Connection failed: connect: 無法連線，因為目標電腦拒絕連線。
[2025-09-10 17:14:37][23020][error] Connection failed: connect: 無法連線，因為目標電腦拒絕連線。
[2025-09-10 17:14:38][36408][error] Connection failed: connect: 無法連線，因為目標電腦拒絕連線。
[2025-09-10 17:14:38][32352][error] Connection failed: connect: 無法連線，因為目標電腦拒絕連線。
[2025-09-10 17:14:38][4292][error] Connection failed: connect: 無法連線，因為目標電腦拒絕連線。
[2025-09-10 17:14:38][29608][info] --- Test Finished ---
[2025-09-10 17:14:38][29608][info] Actual duration: 12.31 seconds
[2025-09-10 17:14:38][29608][info] Total successful requests: 160390
[2025-09-10 17:14:38][29608][info]   - Content matched: 160390
[2025-09-10 17:14:38][29608][info] Total failed requests: 376
[2025-09-10 17:14:38][29608][info] Average QPS: 13024.52 req/s
[2025-09-10 17:14:38][29608][info] Average Latency: 25.98 ms
[2025-09-10 17:14:38][29608][info]   - Min Latency: 0.16 ms
[2025-09-10 17:14:38][29608][info]   - Max Latency: 1644.43 ms
[2025-09-10 17:14:38][29608][info]   - P99 Latency: 118.26 ms
[2025-09-10 17:14:38][29608][info] Packet Accuracy: 100.00 %
[2025-09-10 17:14:38][29608][info] ----------------------------------------
